7/7/2025, 9:19:27 PM GMT-3 0: 

----------------------------------------------
7/7/2025, 9:19:27 PM GMT-3 1: Discord starting: {"releaseChannel":"stable","version":"0.0.101"}, modulepath: /home/molyi/.config/discord/0.0.101/modules
7/7/2025, 9:19:27 PM GMT-3 2: ✅ webContents.created web1 "index.html"
7/7/2025, 9:19:27 PM GMT-3 3: ✅ window.created win1 "discord"
7/7/2025, 9:19:27 PM GMT-3 4: ✅ webContents.did-finish-load web1
7/7/2025, 9:19:35 PM GMT-3 5: ✅ webContents.created web2 ""
7/7/2025, 9:19:35 PM GMT-3 6: ✅ window.created win2 "Discord"
7/7/2025, 9:19:36 PM GMT-3 7: ✅ webContents.did-finish-load web2
7/7/2025, 9:19:37 PM GMT-3 8: window.close win1
7/7/2025, 9:19:37 PM GMT-3 9: webContents.destroyed web1
7/7/2025, 9:19:37 PM GMT-3 10: window.closed win1
7/7/2025, 10:04:33 PM GMT-3 0: 

----------------------------------------------
7/7/2025, 10:04:33 PM GMT-3 1: Discord starting: {"releaseChannel":"stable","version":"0.0.101"}, modulepath: /home/molyi/.config/discord/0.0.101/modules
7/7/2025, 10:04:33 PM GMT-3 2: ✅ webContents.created web1 ""
7/7/2025, 10:04:33 PM GMT-3 3: ✅ window.created win1 "discord"
7/7/2025, 10:04:33 PM GMT-3 4: ✅ webContents.did-finish-load web1
7/7/2025, 10:04:34 PM GMT-3 5: ✅ webContents.created web2 ""
7/7/2025, 10:04:34 PM GMT-3 6: ✅ window.created win2 "Discord"
7/7/2025, 10:04:35 PM GMT-3 7: ✅ webContents.did-finish-load web2
7/7/2025, 10:04:36 PM GMT-3 8: window.close win1
7/7/2025, 10:04:36 PM GMT-3 9: webContents.destroyed web1
7/7/2025, 10:04:36 PM GMT-3 10: window.closed win1
7/7/2025, 11:09:03 PM GMT-3 11: window.close win2
