2025-07-07 22:57:16.880 [info] [main] Log level: Info
2025-07-07 22:57:16.880 [info] [main] Validating found git in: "git"
2025-07-07 22:57:16.880 [info] [main] Using git "2.50.0" from "git"
2025-07-07 22:57:16.880 [info] [Model][doInitialScan] Initial repository scan started
2025-07-07 22:57:16.880 [info] [Model][doInitialScan] Initial repository scan completed - repositories (0), closed repositories (0), parent repositories (0), unsafe repositories (0)
2025-07-07 22:57:33.521 [info] [main] Log level: Info
2025-07-07 22:57:33.521 [info] [main] Validating found git in: "git"
2025-07-07 22:57:33.521 [info] [main] Using git "2.50.0" from "git"
2025-07-07 22:57:33.521 [info] [Model][doInitialScan] Initial repository scan started
2025-07-07 22:57:33.521 [info] > git rev-parse --show-toplevel [4ms]
2025-07-07 22:57:33.521 [info] fatal: not a git repository (or any of the parent directories): .git
2025-07-07 22:57:33.530 [info] > git rev-parse --show-toplevel [2ms]
2025-07-07 22:57:33.539 [info] > git rev-parse --git-dir --git-common-dir [1ms]
2025-07-07 22:57:33.556 [info] [Model][openRepository] Opened repository (path): /home/molyi/Projects/LeetCode
2025-07-07 22:57:33.556 [info] [Model][openRepository] Opened repository (real path): /home/molyi/Projects/LeetCode
2025-07-07 22:57:33.573 [info] > git rev-parse --show-toplevel [4ms]
2025-07-07 22:57:33.574 [info] > git config --get commit.template [10ms]
2025-07-07 22:57:33.618 [info] > git rev-parse --git-dir --git-common-dir [33ms]
2025-07-07 22:57:33.624 [info] [Model][openRepository] Opened repository (path): /home/molyi/Projects/Math
2025-07-07 22:57:33.624 [info] [Model][openRepository] Opened repository (real path): /home/molyi/Projects/Math
2025-07-07 22:57:33.663 [info] > git for-each-ref --format=%(refname)%00%(upstream:short)%00%(objectname)%00%(upstream:track)%00%(upstream:remotename)%00%(upstream:remoteref) refs/heads/main refs/remotes/main [53ms]
2025-07-07 22:57:33.677 [warning] [Git][revParse] Unable to read file: ENOENT: no such file or directory, open '/home/molyi/Projects/LeetCode/.git/refs/remotes/origin/main'
2025-07-07 22:57:33.678 [info] > git rev-parse --show-toplevel [16ms]
2025-07-07 22:57:33.679 [info] > git config --get commit.template [27ms]
2025-07-07 22:57:33.689 [info] > git rev-parse refs/remotes/origin/main [13ms]
2025-07-07 22:57:33.718 [info] > git status -z -uall [21ms]
2025-07-07 22:57:33.720 [info] > git rev-parse --git-dir --git-common-dir [33ms]
2025-07-07 22:57:33.730 [info] [Model][openRepository] Opened repository (path): /home/molyi/Projects/ProjectX
2025-07-07 22:57:33.730 [info] [Model][openRepository] Opened repository (real path): /home/molyi/Projects/ProjectX
2025-07-07 22:57:33.731 [info] [Model][doInitialScan] Initial repository scan completed - repositories (3), closed repositories (0), parent repositories (0), unsafe repositories (0)
2025-07-07 22:57:33.747 [info] > git for-each-ref --format=%(refname)%00%(upstream:short)%00%(objectname)%00%(upstream:track)%00%(upstream:remotename)%00%(upstream:remoteref) refs/heads/main refs/remotes/main [31ms]
2025-07-07 22:57:33.747 [info] > git for-each-ref --sort -committerdate --format %(refname)%00%(objectname)%00%(*objectname) [41ms]
2025-07-07 22:57:33.801 [warning] [Git][revParse] Unable to read file: ENOENT: no such file or directory, open '/home/molyi/Projects/Math/.git/refs/remotes/origin/main'
2025-07-07 22:57:33.809 [info] > git for-each-ref --format=%(refname)%00%(upstream:short)%00%(objectname)%00%(upstream:track)%00%(upstream:remotename)%00%(upstream:remoteref) refs/heads/main refs/remotes/main [21ms]
2025-07-07 22:57:33.817 [info] > git config --get commit.template [72ms]
2025-07-07 22:57:33.824 [info] > git config --get --local branch.main.vscode-merge-base [9ms]
2025-07-07 22:57:33.824 [warning] [Git][config] git config failed: Failed to execute git
2025-07-07 22:57:33.830 [info] > git config --get commit.template [22ms]
2025-07-07 22:57:33.830 [info] > git rev-parse refs/remotes/origin/main [29ms]
2025-07-07 22:57:33.874 [info] > git status -z -uall [38ms]
2025-07-07 22:57:33.874 [info] > git for-each-ref --sort -committerdate --format %(refname)%00%(objectname)%00%(*objectname) [31ms]
2025-07-07 22:57:33.910 [info] > git for-each-ref --format=%(refname)%00%(upstream:short)%00%(objectname)%00%(upstream:track)%00%(upstream:remotename)%00%(upstream:remoteref) refs/heads/main refs/remotes/main [22ms]
2025-07-07 22:57:33.917 [info] > git for-each-ref --format=%(refname)%00%(upstream:short)%00%(objectname)%00%(upstream:track)%00%(upstream:remotename)%00%(upstream:remoteref) refs/heads/main refs/remotes/main [44ms]
2025-07-07 22:57:33.917 [info] > git reflog main --grep-reflog=branch: Created from *. [88ms]
2025-07-07 22:57:33.932 [warning] [Git][revParse] Unable to read file: ENOENT: no such file or directory, open '/home/molyi/Projects/ProjectX/.git/refs/remotes/origin/main'
2025-07-07 22:57:33.935 [info] > git config --get --local branch.main.vscode-merge-base [17ms]
2025-07-07 22:57:33.935 [warning] [Git][config] git config failed: Failed to execute git
2025-07-07 22:57:33.944 [info] > git config --get commit.template [35ms]
2025-07-07 22:57:33.944 [info] > git for-each-ref --format=%(refname)%00%(upstream:short)%00%(objectname)%00%(upstream:track)%00%(upstream:remotename)%00%(upstream:remoteref) refs/heads/main refs/remotes/main [41ms]
2025-07-07 22:57:33.955 [warning] [Git][revParse] Unable to read file: ENOENT: no such file or directory, open '/home/molyi/Projects/LeetCode/.git/refs/remotes/origin/main'
2025-07-07 22:57:33.956 [info] > git rev-parse refs/remotes/origin/main [24ms]
2025-07-07 22:57:33.971 [info] > git symbolic-ref --short refs/remotes/origin/HEAD [46ms]
2025-07-07 22:57:33.984 [info] > git status -z -uall [23ms]
2025-07-07 22:57:33.985 [info] > git for-each-ref --sort -committerdate --format %(refname)%00%(objectname)%00%(*objectname) [15ms]
2025-07-07 22:57:33.997 [info] > git rev-parse refs/remotes/origin/main [42ms]
2025-07-07 22:57:34.008 [info] > git reflog main --grep-reflog=branch: Created from *. [65ms]
2025-07-07 22:57:34.019 [info] > git status -z -uall [17ms]
2025-07-07 22:57:34.020 [info] > git for-each-ref --sort -committerdate --format %(refname)%00%(objectname)%00%(*objectname) [12ms]
2025-07-07 22:57:34.029 [info] > git for-each-ref --format=%(refname)%00%(upstream:short)%00%(objectname)%00%(upstream:track)%00%(upstream:remotename)%00%(upstream:remoteref) refs/heads/main refs/remotes/main [32ms]
2025-07-07 22:57:34.035 [info] > git for-each-ref --format=%(refname)%00%(upstream:short)%00%(objectname)%00%(upstream:track)%00%(upstream:remotename)%00%(upstream:remoteref) refs/heads/main refs/remotes/main [53ms]
2025-07-07 22:57:34.035 [info] > git for-each-ref --format=%(refname)%00%(upstream:short)%00%(objectname)%00%(upstream:track)%00%(upstream:remotename)%00%(upstream:remoteref) refs/heads/origin/main refs/remotes/origin/main [59ms]
2025-07-07 22:57:34.047 [warning] [Git][revParse] Unable to read file: ENOENT: no such file or directory, open '/home/molyi/Projects/Math/.git/refs/remotes/origin/main'
2025-07-07 22:57:34.048 [info] > git config --add --local branch.main.vscode-merge-base origin/main [8ms]
2025-07-07 22:57:34.048 [info] > git config --get --local branch.main.vscode-merge-base [14ms]
2025-07-07 22:57:34.048 [warning] [Git][config] git config failed: Failed to execute git
2025-07-07 22:57:34.054 [info] > git for-each-ref --format=%(refname)%00%(upstream:short)%00%(objectname)%00%(upstream:track)%00%(upstream:remotename)%00%(upstream:remoteref) refs/heads/main refs/remotes/main [27ms]
2025-07-07 22:57:34.060 [info] > git config --get commit.template [41ms]
2025-07-07 22:57:34.060 [info] > git symbolic-ref --short refs/remotes/origin/HEAD [48ms]
2025-07-07 22:57:34.074 [info] > git for-each-ref --format=%(refname)%00%(upstream:short)%00%(objectname)%00%(upstream:track)%00%(upstream:remotename)%00%(upstream:remoteref) refs/heads/origin/main refs/remotes/origin/main [9ms]
2025-07-07 22:57:34.079 [info] > git config --get --local branch.main.vscode-merge-base [18ms]
2025-07-07 22:57:34.084 [info] > git reflog main --grep-reflog=branch: Created from *. [30ms]
2025-07-07 22:57:34.092 [info] > git rev-parse refs/remotes/origin/main [45ms]
2025-07-07 22:57:34.111 [info] > git symbolic-ref --short refs/remotes/origin/HEAD [19ms]
2025-07-07 22:57:34.116 [info] > git for-each-ref --format=%(refname)%00%(upstream:short)%00%(objectname)%00%(upstream:track)%00%(upstream:remotename)%00%(upstream:remoteref) refs/heads/origin/main refs/remotes/origin/main [32ms]
2025-07-07 22:57:34.124 [info] > git config --add --local branch.main.vscode-merge-base origin/main [46ms]
2025-07-07 22:57:34.124 [info] > git for-each-ref --sort -committerdate --format %(refname)%00%(objectname)%00%(*objectname) [20ms] (cancelled)
2025-07-07 22:57:34.130 [info] > git config --get commit.template [57ms]
2025-07-07 22:57:34.137 [info] > git status -z -uall [41ms] (cancelled)
2025-07-07 22:57:34.137 [info] > git for-each-ref --format=%(refname)%00%(upstream:short)%00%(objectname)%00%(upstream:track)%00%(upstream:remotename)%00%(upstream:remoteref) refs/heads/main refs/remotes/main [8ms]
2025-07-07 22:57:34.141 [info] > git merge-base refs/heads/main refs/remotes/origin/main [18ms]
2025-07-07 22:57:34.146 [info] > git for-each-ref --format=%(refname)%00%(upstream:short)%00%(objectname)%00%(upstream:track)%00%(upstream:remotename)%00%(upstream:remoteref) refs/heads/origin/main refs/remotes/origin/main [30ms]
2025-07-07 22:57:34.151 [info] > git for-each-ref --format=%(refname)%00%(upstream:short)%00%(objectname)%00%(upstream:track)%00%(upstream:remotename)%00%(upstream:remoteref) refs/heads/main refs/remotes/main [41ms]
2025-07-07 22:57:34.163 [warning] [Git][revParse] Unable to read file: ENOENT: no such file or directory, open '/home/molyi/Projects/ProjectX/.git/refs/remotes/origin/main'
2025-07-07 22:57:34.164 [info] > git config --add --local branch.main.vscode-merge-base origin/main [13ms]
2025-07-07 22:57:34.165 [info] > git diff --name-status -z --diff-filter=ADMR e74e0f21f873848d0173c10018dd7193a25402dd...refs/remotes/origin/main [18ms]
2025-07-07 22:57:34.165 [info] > git config --get --local branch.main.vscode-merge-base [24ms]
2025-07-07 22:57:34.171 [info] > git config --get commit.template [36ms]
2025-07-07 22:57:34.177 [info] > git for-each-ref --format=%(refname)%00%(upstream:short)%00%(objectname)%00%(upstream:track)%00%(upstream:remotename)%00%(upstream:remoteref) refs/heads/origin/main refs/remotes/origin/main [7ms]
2025-07-07 22:57:34.182 [info] > git rev-parse refs/remotes/origin/main [19ms]
2025-07-07 22:57:34.190 [info] > git for-each-ref --format=%(refname)%00%(upstream:short)%00%(objectname)%00%(upstream:track)%00%(upstream:remotename)%00%(upstream:remoteref) refs/heads/main refs/remotes/main [32ms]
2025-07-07 22:57:34.199 [warning] [Git][revParse] Unable to read file: ENOENT: no such file or directory, open '/home/molyi/Projects/LeetCode/.git/refs/remotes/origin/main'
2025-07-07 22:57:34.199 [info] > git for-each-ref --format=%(refname)%00%(upstream:short)%00%(objectname)%00%(upstream:track)%00%(upstream:remotename)%00%(upstream:remoteref) refs/heads/main refs/remotes/main [11ms]
2025-07-07 22:57:34.205 [info] > git merge-base refs/heads/main refs/remotes/origin/main [23ms]
2025-07-07 22:57:34.210 [info] > git config --get commit.template [34ms]
2025-07-07 22:57:34.211 [info] > git config --get --local branch.main.vscode-merge-base [6ms]
2025-07-07 22:57:34.216 [info] > git rev-parse refs/remotes/origin/main [17ms]
2025-07-07 22:57:34.228 [info] > git for-each-ref --format=%(refname)%00%(upstream:short)%00%(objectname)%00%(upstream:track)%00%(upstream:remotename)%00%(upstream:remoteref) refs/heads/main refs/remotes/main [34ms]
2025-07-07 22:57:34.240 [warning] [Git][revParse] Unable to read file: ENOENT: no such file or directory, open '/home/molyi/Projects/Math/.git/refs/remotes/origin/main'
2025-07-07 22:57:34.241 [info] > git status -z -uall [19ms]
2025-07-07 22:57:34.241 [info] > git for-each-ref --sort -committerdate --format %(refname)%00%(objectname)%00%(*objectname) [14ms]
2025-07-07 22:57:34.244 [info] > git for-each-ref --format=%(refname)%00%(upstream:short)%00%(objectname)%00%(upstream:track)%00%(upstream:remotename)%00%(upstream:remoteref) refs/heads/origin/main refs/remotes/origin/main [28ms]
2025-07-07 22:57:34.249 [info] > git diff --name-status -z --diff-filter=ADMR 64b8e95eb0811d542f8e3445cc1eaeedbc6fea84...refs/remotes/origin/main [39ms]
2025-07-07 22:57:34.251 [info] > git merge-base refs/heads/main refs/remotes/origin/main [2ms]
2025-07-07 22:57:34.257 [info] > git rev-parse refs/remotes/origin/main [17ms]
2025-07-07 22:57:34.270 [info] > git for-each-ref --format=%(refname)%00%(upstream:short)%00%(objectname)%00%(upstream:track)%00%(upstream:remotename)%00%(upstream:remoteref) refs/heads/main refs/remotes/main [36ms]
2025-07-07 22:57:34.270 [info] > git diff --name-status -z --diff-filter=ADMR 16162b39e7fef97952a01032e7b584052cf8562f...refs/remotes/origin/main [14ms]
2025-07-07 22:57:34.278 [warning] [Git][revParse] Unable to read file: ENOENT: no such file or directory, open '/home/molyi/Projects/ProjectX/.git/refs/remotes/origin/main'
2025-07-07 22:57:34.278 [info] > git for-each-ref --sort -committerdate --format %(refname)%00%(objectname)%00%(*objectname) [9ms]
2025-07-07 22:57:34.279 [info] > git rev-parse refs/remotes/origin/main [1ms]
2025-07-07 22:57:34.294 [info] > git status -z -uall [32ms]
2025-07-07 22:57:34.294 [info] > git status -z -uall [7ms]
2025-07-07 22:57:34.297 [info] > git for-each-ref --sort -committerdate --format %(refname)%00%(objectname)%00%(*objectname) [3ms]
2025-07-07 22:57:34.342 [info] > git check-ignore -v -z --stdin [16ms]
2025-07-07 22:57:34.344 [info] > git check-ignore -v -z --stdin [11ms]
2025-07-07 22:57:34.344 [info] > git check-ignore -v -z --stdin [4ms]
2025-07-07 22:58:26.560 [info] > git rev-parse --show-toplevel [4ms]
2025-07-07 22:58:26.561 [info] fatal: not a git repository (or any of the parent directories): .git
2025-07-07 22:58:43.755 [info] > git rev-parse --show-toplevel [4ms]
2025-07-07 22:58:43.756 [info] fatal: not a git repository (or any of the parent directories): .git
2025-07-07 22:58:49.461 [info] > git rev-parse --show-toplevel [16ms]
2025-07-07 22:58:49.461 [info] fatal: not a git repository (or any of the parent directories): .git
2025-07-07 22:59:10.585 [info] > git rev-parse --show-toplevel [4ms]
2025-07-07 22:59:10.585 [info] fatal: not a git repository (or any of the parent directories): .git
2025-07-07 22:59:11.025 [info] > git rev-parse --show-toplevel [19ms]
2025-07-07 22:59:11.025 [info] fatal: not a git repository (or any of the parent directories): .git
2025-07-07 22:59:35.822 [info] > git rev-parse --show-toplevel [8ms]
2025-07-07 22:59:35.822 [info] fatal: not a git repository (or any of the parent directories): .git
2025-07-07 22:59:41.348 [info] > git rev-parse --show-toplevel [16ms]
2025-07-07 22:59:41.348 [info] fatal: not a git repository (or any of the parent directories): .git
2025-07-07 23:00:01.066 [info] > git rev-parse --show-toplevel [5ms]
2025-07-07 23:00:01.066 [info] fatal: not a git repository (or any of the parent directories): .git
2025-07-07 23:00:05.043 [info] > git rev-parse --show-toplevel [4ms]
2025-07-07 23:00:05.043 [info] fatal: not a git repository (or any of the parent directories): .git
2025-07-07 23:00:05.709 [info] > git rev-parse --show-toplevel [4ms]
2025-07-07 23:00:05.709 [info] fatal: not a git repository (or any of the parent directories): .git
2025-07-07 23:00:28.131 [info] > git rev-parse --show-toplevel [1ms]
2025-07-07 23:00:28.131 [info] fatal: not a git repository (or any of the parent directories): .git
2025-07-07 23:00:28.322 [info] > git rev-parse --show-toplevel [6ms]
2025-07-07 23:00:28.322 [info] fatal: not a git repository (or any of the parent directories): .git
2025-07-07 23:00:38.318 [info] > git rev-parse --show-toplevel [4ms]
2025-07-07 23:00:38.318 [info] fatal: not a git repository (or any of the parent directories): .git
2025-07-07 23:00:52.290 [info] > git rev-parse --show-toplevel [5ms]
2025-07-07 23:00:52.290 [info] fatal: not a git repository (or any of the parent directories): .git
2025-07-07 23:01:05.012 [info] > git rev-parse --show-toplevel [2ms]
2025-07-07 23:01:05.012 [info] fatal: not a git repository (or any of the parent directories): .git
2025-07-07 23:01:06.320 [info] > git rev-parse --show-toplevel [9ms]
2025-07-07 23:01:06.320 [info] fatal: not a git repository (or any of the parent directories): .git
2025-07-07 23:01:34.202 [info] > git check-ignore -v -z --stdin [1ms]
2025-07-07 23:01:36.356 [info] > git check-ignore -v -z --stdin [1ms]
2025-07-07 23:01:40.371 [info] > git show --textconv :Proofs/Proofs.tex [22ms]
2025-07-07 23:01:40.371 [info] > git ls-files --stage -- Proofs/Proofs.tex [2ms]
2025-07-07 23:01:40.425 [info] > git cat-file -s fe178808b15bc87bd8d075fa65c2ac0efff57c6e [31ms]
2025-07-07 23:01:40.558 [info] > git blame --root --incremental 64b8e95eb0811d542f8e3445cc1eaeedbc6fea84 -- Proofs/Proofs.tex [7ms]
2025-07-07 23:02:02.032 [info] > git show --textconv :Proofs/Proofs.tex [24ms]
2025-07-07 23:02:02.035 [info] > git ls-files --stage -- Proofs/Proofs.tex [5ms]
2025-07-07 23:02:02.052 [info] > git cat-file -s fe178808b15bc87bd8d075fa65c2ac0efff57c6e [3ms]
